<?xml version="1.0" encoding="UTF-8"?>
<!-- Generated by org.testng.reporters.JUnitXMLReporter -->
<testsuite ignored="2" hostname="LAPTOP-RNT70LJ9" failures="0" tests="1" name="smoketesting" time="0.05" errors="0" timestamp="2023-02-06T18:11:03 IST">
  <testcase classname="Testng.groupexecution1" name="testcase2" time="0.009"/>
  <testcase classname="Testng.groupexecution1" name="testcase1" time="0.0">
    <ignored/>
  </testcase> <!-- testcase1 -->
  <testcase classname="Testng.groupexecution1" name="testcase3" time="0.0">
    <ignored/>
  </testcase> <!-- testcase3 -->
</testsuite> <!-- smoketesting -->
