<?xml version="1.0" encoding="UTF-8"?>
<!-- Generated by org.testng.reporters.JUnitXMLReporter -->
<testsuite ignored="0" hostname="LAPTOP-RNT70LJ9" failures="0" tests="67" name="Test" time="0.165" errors="0" timestamp="2023-02-05T20:17:04 IST">
  <testcase classname="Testng.dependsonmethod" name="bus" time="0.009"/>
  <testcase classname="Testng.dependsonmethod" name="aeroplane" time="0.001"/>
  <testcase classname="Testng.dependsonmethod" name="car" time="0.001"/>
  <testcase classname="Testng.dependsonmethod" name="train" time="0.001"/>
  <testcase classname="Testng.demotestng1" name="testdemo" time="0.001"/>
  <testcase classname="Testng.demotestng1" name="testdemo" time="0.001"/>
  <testcase classname="Testng.demotestng1" name="testdemo" time="0.0"/>
  <testcase classname="Testng.demotestng1" name="testdemo" time="0.001"/>
  <testcase classname="Testng.demotestng1" name="testdemo" time="0.001"/>
  <testcase classname="Testng.demotestng1" name="testdemo" time="0.001"/>
  <testcase classname="Testng.demotestng1" name="testdemo" time="0.001"/>
  <testcase classname="Testng.demotestng1" name="testdemo" time="0.0"/>
  <testcase classname="Testng.demotestng1" name="testdemo" time="0.0"/>
  <testcase classname="Testng.patchexecution3" name="screen1" time="0.001"/>
  <testcase classname="Testng.patchexecution3" name="screen2" time="0.001"/>
  <testcase classname="Testng.patchexecution3" name="screen3" time="0.001"/>
  <testcase classname="Testng.groupexecution3" name="testcase7" time="0.0"/>
  <testcase classname="Testng.groupexecution3" name="testcase8" time="0.001"/>
  <testcase classname="Testng.groupexecution3" name="testcase9" time="0.001"/>
  <testcase classname="Testng.patchexecution2" name="acer" time="0.001"/>
  <testcase classname="Testng.patchexecution2" name="hp" time="0.001"/>
  <testcase classname="Testng.patchexecution2" name="lenova" time="0.001"/>
  <testcase classname="Testng.priority" name="plug" time="0.001"/>
  <testcase classname="Testng.priority" name="fan" time="0.001"/>
  <testcase classname="Testng.priority" name="switching" time="0.0"/>
  <testcase classname="Testng.priority" name="light" time="0.001"/>
  <testcase classname="Testng.patchexecution1" name="bisscut" time="0.001"/>
  <testcase classname="Testng.patchexecution1" name="coffee" time="0.001"/>
  <testcase classname="Testng.patchexecution1" name="tea" time="0.001"/>
  <testcase classname="Testng.groupexecution2" name="testcase4" time="0.001"/>
  <testcase classname="Testng.groupexecution2" name="testcase5" time="0.0"/>
  <testcase classname="Testng.groupexecution2" name="testcase6" time="0.006"/>
  <testcase classname="Testng.groupexecution1" name="testcase1" time="0.001"/>
  <testcase classname="Testng.groupexecution1" name="testcase2" time="0.001"/>
  <testcase classname="Testng.groupexecution1" name="testcase3" time="0.0"/>
  <testcase classname="Testng.demo2" name="families" time="0.001"/>
  <testcase classname="Testng.demo2" name="sumo" time="0.001"/>
  <testcase classname="Testng.innovacationcount" name="automationtesting" time="0.001"/>
  <testcase classname="Testng.innovacationcount" name="automationtesting" time="0.001"/>
  <testcase classname="Testng.innovacationcount" name="automationtesting" time="0.001"/>
  <testcase classname="Testng.innovacationcount" name="automationtesting" time="0.001"/>
  <testcase classname="Testng.innovacationcount" name="automationtesting" time="0.0"/>
  <testcase classname="Testng.innovacationcount" name="automationtesting" time="0.001"/>
  <testcase classname="Testng.innovacationcount" name="automationtesting" time="0.0"/>
  <testcase classname="Testng.innovacationcount" name="automationtesting" time="0.0"/>
  <testcase classname="Testng.innovacationcount" name="manualtesting" time="0.0"/>
  <testcase classname="Testng.innovacationcount" name="manualtesting" time="0.001"/>
  <testcase classname="Testng.innovacationcount" name="manualtesting" time="0.0"/>
  <testcase classname="Testng.innovacationcount" name="manualtesting" time="0.001"/>
  <testcase classname="Testng.innovacationcount" name="manualtesting" time="0.0"/>
  <testcase classname="Testng.innovacationcount" name="selenium" time="0.0"/>
  <testcase classname="Testng.innovacationcount" name="selenium" time="0.0"/>
  <testcase classname="Testng.innovacationcount" name="selenium" time="0.001"/>
  <testcase classname="Testng.innovacationcount" name="selenium" time="0.0"/>
  <testcase classname="Testng.innovacationcount" name="selenium" time="0.0"/>
  <testcase classname="Testng.innovacationcount" name="selenium" time="0.0"/>
  <testcase classname="Testng.innovacationcount" name="selenium" time="0.0"/>
  <testcase classname="Testng.innovacationcount" name="selenium" time="0.0"/>
  <testcase classname="Testng.innovacationcount" name="selenium" time="0.001"/>
  <testcase classname="Testng.innovacationcount" name="selenium" time="0.001"/>
  <testcase classname="Testng.innovacationcount" name="selenium" time="0.001"/>
  <testcase classname="Testng.innovacationcount" name="selenium" time="0.001"/>
  <testcase classname="Testng.innovacationcount" name="selenium" time="0.001"/>
  <testcase classname="Testng.innovacationcount" name="selenium" time="0.001"/>
  <testcase classname="Testng.innovacationcount" name="selenium" time="0.001"/>
  <testcase classname="Testng.innovacationcount" name="testng" time="0.001"/>
  <testcase classname="Testng.innovacationcount" name="testng" time="0.001"/>
</testsuite> <!-- Test -->
